[2015-05-07 09:57:18.626] [INFO] applog - Call Data Collection Started
[2015-05-07 10:11:37.458] [INFO] applog - Call Data Collection Started
[2015-05-07 10:14:29.814] [INFO] applog - Call Data Collection Started
[2015-05-07 10:14:51.000] [INFO] applog - Call Data Collection Started
[2015-05-07 10:15:36.003] [INFO] applog - Call Data Collection Started
[2015-05-07 10:17:30.254] [INFO] applog - Call Data Collection Started
[2015-05-07 10:17:43.684] [INFO] applog - Call Data Collection Started
[2015-05-07 10:37:41.447] [INFO] applog - Call Data Collection Started
[2015-05-07 10:38:18.423] [INFO] applog - Call Data Collection Started
[2015-05-07 10:38:35.229] [INFO] applog - Call Data Collection Started
[2015-05-07 10:53:44.419] [INFO] applog - Call Data Collection Started
[2015-05-07 10:55:25.447] [INFO] applog - Call Data Collection Started
[2015-05-07 10:57:00.880] [INFO] applog - Call Data Collection Started
[2015-05-07 10:58:31.440] [INFO] applog - Call Data Collection Started
[2015-05-07 10:59:08.632] [INFO] applog - Call Data Collection Started
[2015-05-07 11:01:43.219] [INFO] applog - Call Data Collection Started
[2015-05-07 11:02:22.834] [INFO] applog - Call Data Collection Started
[2015-05-07 11:08:50.068] [INFO] applog - Call Data Collection Started
[2015-05-07 11:09:06.023] [INFO] applog - Call Data Collection Started
[2015-05-07 11:09:53.710] [INFO] applog - Call Data Collection Started
[2015-05-07 11:12:14.688] [INFO] applog - Call Data Collection Started
[2015-05-07 11:25:58.220] [INFO] applog - Call Data Collection Started
[2015-05-07 12:17:09.396] [INFO] applog - Call Data Collection Started
[2015-05-07 15:16:55.187] [INFO] applog - Call Data Collection Started
[2015-05-07 15:17:52.640] [INFO] applog - Call Data Collection Started
[2015-05-07 15:23:05.250] [INFO] applog - Call Data Collection Started
[2015-05-07 15:23:23.058] [INFO] applog - Call Data Collection Started
[2015-05-07 15:42:30.071] [INFO] applog - Call Data Collection Started
[2015-05-07 15:43:14.591] [INFO] applog - Call Data Collection Started
[2015-05-07 15:43:26.066] [INFO] applog - Call Data Collection Started
[2015-05-07 15:45:01.002] [INFO] applog - Call Data Collection Started
[2015-05-07 15:45:31.803] [INFO] applog - Call Data Collection Started
[2015-05-07 15:55:28.803] [INFO] applog - Call Data Collection Started
[2015-05-07 15:55:58.842] [INFO] applog - Call Data Collection Started
[2015-05-07 15:59:15.194] [INFO] applog - Call Data Collection Started
[2015-05-07 16:00:08.034] [INFO] applog - Call Data Collection Started
[2015-05-07 16:01:18.427] [INFO] applog - Call Data Collection Started
[2015-05-07 16:01:46.849] [INFO] applog - Call Data Collection Started
[2015-05-07 16:02:02.831] [INFO] applog - Call Data Collection Started
[2015-05-07 16:03:06.410] [INFO] applog - Call Data Collection Started
[2015-05-07 16:03:32.026] [INFO] applog - Call Data Collection Started
[2015-05-07 16:04:32.405] [INFO] applog - Call Data Collection Started
[2015-05-07 16:05:14.780] [INFO] applog - Call Data Collection Started
[2015-05-07 16:09:24.599] [INFO] applog - Call Data Collection Started
[2015-05-07 16:14:34.626] [INFO] applog - Call Data Collection Started
[2015-05-07 16:15:01.199] [INFO] applog - Call Data Collection Started
[2015-05-07 16:15:21.218] [INFO] applog - Call Data Collection Started
[2015-05-07 16:16:08.032] [INFO] applog - Call Data Collection Started
[2015-05-07 16:17:05.430] [INFO] applog - Call Data Collection Started
[2015-05-07 16:18:02.614] [INFO] applog - Call Data Collection Started
[2015-05-07 16:19:26.025] [INFO] applog - Call Data Collection Started
[2015-05-07 16:23:42.029] [INFO] applog - Call Data Collection Started
[2015-05-07 16:24:36.437] [INFO] applog - Call Data Collection Started
[2015-05-07 16:25:34.032] [INFO] applog - Call Data Collection Started
[2015-05-07 16:28:34.641] [INFO] applog - Call Data Collection Started
[2015-05-07 16:28:47.996] [INFO] applog - Call Data Collection Started
[2015-05-07 16:28:56.673] [INFO] applog - Call Data Collection Started
[2015-05-07 16:29:36.473] [INFO] applog - Call Data Collection Started
[2015-05-07 16:30:28.995] [INFO] applog - Call Data Collection Started
[2015-05-07 16:31:14.258] [INFO] applog - Call Data Collection Started
[2015-05-07 16:31:44.034] [INFO] applog - Call Data Collection Started
[2015-05-07 16:33:15.395] [INFO] applog - Call Data Collection Started
[2015-05-07 16:33:58.980] [INFO] applog - Call Data Collection Started
[2015-05-07 16:36:33.257] [INFO] applog - Call Data Collection Started
[2015-05-07 22:15:30.992] [INFO] applog - Call Data Collection Started
[2015-05-07 22:16:42.580] [INFO] applog - Call Data Collection Started
[2015-05-07 22:18:58.268] [INFO] applog - Call Data Collection Started
[2015-05-07 22:19:43.060] [INFO] applog - Call Data Collection Started
[2015-05-07 22:22:08.019] [INFO] applog - Call Data Collection Started
[2015-05-08 08:56:05.835] [INFO] applog - Call Data Collection Started
[2015-05-08 08:58:33.256] [INFO] applog - Call Data Collection Started
[2015-05-08 08:59:04.421] [INFO] applog - Call Data Collection Started
[2015-05-08 08:59:04.635] [INFO] applog - Connected to database successfully
[2015-05-08 09:02:03.596] [INFO] applog - Application started with id:3917a6da
[2015-05-08 09:02:03.821] [INFO] applog - 3917a6da: Connected to database successfully
[2015-05-08 09:04:23.251] [INFO] applog - Application started with id:34745b48
[2015-05-08 09:05:09.031] [INFO] applog - Application started with id:b98cd1b0
[2015-05-08 09:05:35.662] [INFO] applog - Application started with id:74600d69
[2015-05-08 09:25:31.635] [INFO] applog - Application started with id:c21e7566
[2015-05-08 09:26:13.844] [INFO] applog - Application started with id:63012a0f
[2015-05-08 09:26:33.668] [WARN] applog - 63012a0f: Failed to connect to database: retry number 1
[2015-05-08 09:26:46.395] [WARN] applog - 63012a0f: Failed to connect to database: retry number 2
[2015-05-08 09:26:50.757] [WARN] applog - 63012a0f: Failed to connect to database: retry number 3
[2015-05-08 09:26:51.036] [WARN] applog - 63012a0f: Failed to connect to database: retry number 4
[2015-05-08 09:26:51.162] [WARN] applog - 63012a0f: Failed to connect to database: retry number 5
[2015-05-08 09:26:51.291] [ERROR] applog - 63012a0f: Failed to connect to database after 5 attempts. Exiting application.
[2015-05-08 09:27:14.229] [INFO] applog - Application started with id:33359d85
[2015-05-08 09:27:14.362] [WARN] applog - 33359d85: Failed to connect to database: retry number 1
[2015-05-08 09:27:14.487] [WARN] applog - 33359d85: Failed to connect to database: retry number 2
[2015-05-08 09:27:14.608] [WARN] applog - 33359d85: Failed to connect to database: retry number 3
[2015-05-08 09:27:14.736] [WARN] applog - 33359d85: Failed to connect to database: retry number 4
[2015-05-08 09:27:14.858] [WARN] applog - 33359d85: Failed to connect to database: retry number 5
[2015-05-08 09:27:14.982] [ERROR] applog - 33359d85: Failed to connect to database after 5 attempts. Exiting application.
[2015-05-08 09:28:11.872] [INFO] applog - Application started with id:b62d7e63
[2015-05-08 09:28:12.016] [WARN] applog - b62d7e63: Failed to connect to database: retry number 1
[2015-05-08 09:28:17.139] [WARN] applog - b62d7e63: Failed to connect to database: retry number 2
[2015-05-08 09:28:22.257] [WARN] applog - b62d7e63: Failed to connect to database: retry number 3
[2015-05-08 09:28:27.374] [WARN] applog - b62d7e63: Failed to connect to database: retry number 4
[2015-05-08 09:28:32.494] [WARN] applog - b62d7e63: Failed to connect to database: retry number 5
[2015-05-08 09:28:37.615] [ERROR] applog - b62d7e63: Failed to connect to database after 5 attempts. Exiting application.
[2015-05-08 09:29:00.636] [INFO] applog - Application started with id:7cb13089
[2015-05-08 09:29:00.863] [INFO] applog - 7cb13089: Connected to database successfully
[2015-05-08 09:42:13.429] [INFO] applog - Application started with id:5da882fe
[2015-05-08 09:42:13.657] [INFO] applog - 5da882fe: Connected to database successfully
[2015-05-08 09:42:33.995] [INFO] applog - Application started with id:d8068aff
[2015-05-08 09:42:34.247] [INFO] applog - d8068aff: Connected to database successfully
[2015-05-08 09:44:01.245] [INFO] applog - Application started with id:70d0ff5b
[2015-05-08 09:44:01.494] [INFO] applog - 70d0ff5b: Connected to database successfully
[2015-05-08 09:44:43.644] [INFO] applog - Application started with id:81835538
[2015-05-08 09:44:43.885] [INFO] applog - 81835538: Connected to database successfully
[2015-05-08 09:45:25.582] [INFO] applog - Application started with id:da5daa47
[2015-05-08 09:45:25.791] [INFO] applog - da5daa47: Connected to database successfully
[2015-05-08 09:46:52.268] [INFO] applog - Application started with id:1fef8a63
[2015-05-08 09:46:52.493] [INFO] applog - 1fef8a63: Connected to database successfully
[2015-05-08 09:46:52.496] [INFO] applog - 1fef8a63: Collected inputs successfully
[2015-05-08 09:50:38.874] [INFO] applog - Application started with id:296f71ba
[2015-05-08 09:50:39.197] [INFO] applog - 296f71ba: Connected to database successfully
[2015-05-08 09:50:39.200] [INFO] applog - 296f71ba: Collected inputs successfully
[2015-05-08 10:00:50.992] [INFO] applog - Application started with id:5eaba9ca
[2015-05-08 10:00:51.257] [INFO] applog - 5eaba9ca: Connected to database successfully
[2015-05-08 10:00:51.260] [INFO] applog - 5eaba9ca: Collected inputs successfully
[2015-05-08 10:00:51.261] [INFO] applog - 5eaba9ca: Directories created successfully
[2015-05-08 10:00:51.262] [INFO] applog - 5eaba9ca: Directories created successfully
[2015-05-08 10:00:51.262] [INFO] applog - 5eaba9ca: Directories created successfully
[2015-05-08 10:00:51.262] [INFO] applog - 5eaba9ca: Directories created successfully
[2015-05-08 10:04:42.221] [INFO] applog - Application started with id:48ce3b1f
[2015-05-08 10:04:42.440] [INFO] applog - 48ce3b1f: Connected to database successfully
[2015-05-08 10:04:42.443] [INFO] applog - 48ce3b1f: Collected inputs successfully
[2015-05-08 10:04:42.444] [INFO] applog - 48ce3b1f: Directories created successfully
[2015-05-08 10:04:42.445] [INFO] applog - 48ce3b1f: Directories created successfully
[2015-05-08 10:04:42.445] [INFO] applog - 48ce3b1f: Directories created successfully
[2015-05-08 10:04:42.445] [INFO] applog - 48ce3b1f: Directories created successfully
[2015-05-08 10:09:05.645] [INFO] applog - Application started with id:642c8924
[2015-05-08 10:09:05.870] [INFO] applog - 642c8924: Connected to database successfully
[2015-05-08 10:09:05.873] [INFO] applog - 642c8924: Collected inputs successfully
[2015-05-08 10:09:05.874] [INFO] applog - 642c8924: Directories created successfully
[2015-05-08 10:09:05.874] [INFO] applog - 642c8924: Directories created successfully
[2015-05-08 10:09:05.874] [INFO] applog - 642c8924: Directories created successfully
[2015-05-08 10:09:05.874] [INFO] applog - 642c8924: Directories created successfully
[2015-05-08 10:09:25.651] [INFO] applog - Application started with id:b2aeba95
[2015-05-08 10:09:25.851] [INFO] applog - b2aeba95: Connected to database successfully
[2015-05-08 10:09:25.853] [INFO] applog - b2aeba95: Collected inputs successfully
[2015-05-08 10:10:07.720] [INFO] applog - b2aeba95: Directories created successfully
[2015-05-08 10:10:13.456] [INFO] applog - b2aeba95: Directories created successfully
[2015-05-08 10:10:13.747] [INFO] applog - b2aeba95: Directories created successfully
[2015-05-08 10:10:14.003] [INFO] applog - b2aeba95: Directories created successfully
[2015-05-08 10:10:56.008] [INFO] applog - Application started with id:a86a234f
[2015-05-08 10:10:56.237] [INFO] applog - a86a234f: Connected to database successfully
[2015-05-08 10:10:56.241] [INFO] applog - a86a234f: Collected inputs successfully
[2015-05-08 10:11:14.471] [INFO] applog - Application started with id:16023701
[2015-05-08 10:11:14.709] [INFO] applog - 16023701: Connected to database successfully
[2015-05-08 10:11:14.712] [INFO] applog - 16023701: Collected inputs successfully
[2015-05-08 10:11:19.144] [INFO] applog - 16023701: Directories created successfully
[2015-05-08 10:14:49.834] [INFO] applog - Application started with id:84891d04
[2015-05-08 10:14:50.057] [INFO] applog - 84891d04: Connected to database successfully
[2015-05-08 10:14:50.060] [INFO] applog - 84891d04: Collected inputs successfully
[2015-05-08 10:15:54.786] [INFO] applog - Application started with id:b17d4be1
[2015-05-08 10:15:55.008] [INFO] applog - b17d4be1: Connected to database successfully
[2015-05-08 10:15:55.010] [INFO] applog - b17d4be1: Collected inputs successfully
[2015-05-08 10:15:55.012] [INFO] applog - b17d4be1: Directories created successfully
[2015-05-08 10:16:32.821] [INFO] applog - Application started with id:db5820f1
[2015-05-08 10:16:33.040] [INFO] applog - db5820f1: Connected to database successfully
[2015-05-08 10:16:33.044] [INFO] applog - db5820f1: Collected inputs successfully
[2015-05-08 10:16:33.045] [INFO] applog - db5820f1: Directories created successfully
[2015-05-08 10:17:14.245] [INFO] applog - Application started with id:58fd7882
[2015-05-08 10:17:14.453] [INFO] applog - 58fd7882: Connected to database successfully
[2015-05-08 10:17:14.456] [INFO] applog - 58fd7882: Collected inputs successfully
[2015-05-08 10:17:14.457] [INFO] applog - 58fd7882: Directories created successfully
[2015-05-08 10:18:17.623] [INFO] applog - Application started with id:592e224f
[2015-05-08 10:18:17.839] [INFO] applog - 592e224f: Connected to database successfully
[2015-05-08 10:18:17.842] [INFO] applog - 592e224f: Collected inputs successfully
[2015-05-08 10:18:17.843] [INFO] applog - 592e224f: Directories created successfully
[2015-05-08 10:25:41.887] [INFO] applog - Application started with id:e227582f
[2015-05-08 10:25:41.900] [INFO] applog - e227582f: Collected inputs successfully
[2015-05-08 10:29:30.187] [INFO] applog - Application started with id:897b03df
[2015-05-08 10:29:30.192] [INFO] applog - 897b03df: Collected inputs successfully
[2015-05-08 10:33:19.800] [INFO] applog - Application started with id:43dcd2b9
[2015-05-08 10:33:19.808] [INFO] applog - 43dcd2b9: Collected inputs successfully
[2015-05-08 10:33:53.054] [INFO] applog - Application started with id:5f30331e
[2015-05-08 10:33:53.060] [INFO] applog - 5f30331e: Collected inputs successfully
[2015-05-08 10:35:42.257] [INFO] applog - Application started with id:b512e9b4
[2015-05-08 10:35:42.477] [INFO] applog - b512e9b4: Connected to database successfully
[2015-05-08 10:35:42.479] [INFO] applog - b512e9b4: Collected inputs successfully
[2015-05-08 10:35:42.481] [INFO] applog - b512e9b4: Directories created successfully
[2015-05-08 10:39:35.436] [INFO] applog - Application started with id:9081534f
[2015-05-08 10:39:35.669] [INFO] applog - 9081534f: Connected to database successfully
[2015-05-08 10:39:35.674] [INFO] applog - 9081534f: Collected inputs successfully
[2015-05-08 10:39:35.676] [INFO] applog - 9081534f: Directories created successfully
[2015-05-08 10:39:49.190] [INFO] applog - Application started with id:8a1916da
[2015-05-08 10:39:49.438] [INFO] applog - 8a1916da: Connected to database successfully
[2015-05-08 10:39:49.441] [INFO] applog - 8a1916da: Collected inputs successfully
[2015-05-08 10:39:49.443] [INFO] applog - 8a1916da: Directories created successfully
[2015-05-08 10:57:25.396] [INFO] applog - Application started with id:fcbb73e6
[2015-05-08 10:57:25.612] [INFO] applog - fcbb73e6: Connected to database successfully
[2015-05-08 10:57:25.614] [INFO] applog - fcbb73e6: Collected inputs successfully
[2015-05-08 10:57:25.616] [INFO] applog - fcbb73e6: Directories created successfully
[2015-05-08 10:59:10.799] [INFO] applog - Application started with id:5485cc42
[2015-05-08 10:59:11.022] [INFO] applog - 5485cc42: Connected to database successfully
[2015-05-08 10:59:11.025] [INFO] applog - 5485cc42: Collected inputs successfully
[2015-05-08 10:59:11.027] [INFO] applog - 5485cc42: Directories created successfully
[2015-05-08 11:00:47.610] [INFO] applog - Application started with id:664e4a3e
[2015-05-08 11:00:47.979] [INFO] applog - 664e4a3e: Connected to database successfully
[2015-05-08 11:00:47.981] [INFO] applog - 664e4a3e: Collected inputs successfully
[2015-05-08 11:00:47.985] [INFO] applog - 664e4a3e: Directories created successfully
[2015-05-08 11:01:15.824] [INFO] applog - Application started with id:03240c83
[2015-05-08 11:01:16.029] [INFO] applog - 03240c83: Connected to database successfully
[2015-05-08 11:01:16.032] [INFO] applog - 03240c83: Collected inputs successfully
[2015-05-08 11:01:16.033] [INFO] applog - 03240c83: Directories created successfully
[2015-05-08 11:01:51.034] [INFO] applog - Application started with id:5ca67bb8
[2015-05-08 11:01:51.245] [INFO] applog - 5ca67bb8: Connected to database successfully
[2015-05-08 11:01:51.248] [INFO] applog - 5ca67bb8: Collected inputs successfully
[2015-05-08 11:01:51.249] [INFO] applog - 5ca67bb8: Directories created successfully
[2015-05-08 11:05:14.816] [INFO] applog - Application started with id:07c9f108
[2015-05-08 11:05:15.032] [INFO] applog - 07c9f108: Connected to database successfully
[2015-05-08 11:05:15.035] [INFO] applog - 07c9f108: Collected inputs successfully
[2015-05-08 11:05:15.037] [INFO] applog - 07c9f108: Directories created successfully
[2015-05-08 11:05:38.796] [INFO] applog - Application started with id:f31c7855
[2015-05-08 11:05:39.002] [INFO] applog - f31c7855: Connected to database successfully
[2015-05-08 11:05:39.005] [INFO] applog - f31c7855: Collected inputs successfully
[2015-05-08 11:05:39.006] [INFO] applog - f31c7855: Directories created successfully
[2015-05-08 11:06:09.830] [INFO] applog - Application started with id:9b0cc093
[2015-05-08 11:06:10.039] [INFO] applog - 9b0cc093: Connected to database successfully
[2015-05-08 11:06:10.044] [INFO] applog - 9b0cc093: Collected inputs successfully
[2015-05-08 11:06:10.045] [INFO] applog - 9b0cc093: Directories created successfully
[2015-05-08 11:06:30.462] [INFO] applog - Application started with id:567b6e62
[2015-05-08 11:06:30.671] [INFO] applog - 567b6e62: Connected to database successfully
[2015-05-08 11:06:30.674] [INFO] applog - 567b6e62: Collected inputs successfully
[2015-05-08 11:06:30.676] [INFO] applog - 567b6e62: Directories created successfully
[2015-05-08 11:07:23.639] [INFO] applog - Application started with id:325eb2c3
[2015-05-08 11:07:23.852] [INFO] applog - 325eb2c3: Connected to database successfully
[2015-05-08 11:07:23.855] [INFO] applog - 325eb2c3: Collected inputs successfully
[2015-05-08 11:07:23.857] [INFO] applog - 325eb2c3: Directories created successfully
[2015-05-08 11:07:42.241] [INFO] applog - Application started with id:53a4387b
[2015-05-08 11:07:42.454] [INFO] applog - 53a4387b: Connected to database successfully
[2015-05-08 11:07:42.458] [INFO] applog - 53a4387b: Collected inputs successfully
[2015-05-08 11:07:42.460] [INFO] applog - 53a4387b: Directories created successfully
[2015-05-08 11:08:55.420] [INFO] applog - Application started with id:21e45804
[2015-05-08 11:08:55.640] [INFO] applog - 21e45804: Connected to database successfully
[2015-05-08 11:08:55.643] [INFO] applog - 21e45804: Collected inputs successfully
[2015-05-08 11:08:55.645] [INFO] applog - 21e45804: Directories created successfully
[2015-05-08 11:09:07.805] [INFO] applog - Application started with id:89fe7f0b
[2015-05-08 11:09:08.013] [INFO] applog - 89fe7f0b: Connected to database successfully
[2015-05-08 11:09:08.015] [INFO] applog - 89fe7f0b: Collected inputs successfully
[2015-05-08 11:09:08.017] [INFO] applog - 89fe7f0b: Directories created successfully
[2015-05-08 11:10:28.473] [INFO] applog - Application started with id:4f4a7110
[2015-05-08 11:10:28.693] [INFO] applog - 4f4a7110: Connected to database successfully
[2015-05-08 11:10:28.696] [INFO] applog - 4f4a7110: Collected inputs successfully
[2015-05-08 11:10:28.698] [INFO] applog - 4f4a7110: Directories created successfully
[2015-05-08 11:14:08.420] [INFO] applog - Application started with id:99395a96
[2015-05-08 11:14:08.642] [INFO] applog - 99395a96: Connected to database successfully
[2015-05-08 11:14:08.645] [INFO] applog - 99395a96: Collected inputs successfully
[2015-05-08 11:14:08.646] [INFO] applog - 99395a96: Directories created successfully
[2015-05-08 11:14:21.624] [INFO] applog - Application started with id:f4f43d33
[2015-05-08 11:14:21.862] [INFO] applog - f4f43d33: Connected to database successfully
[2015-05-08 11:14:21.865] [INFO] applog - f4f43d33: Collected inputs successfully
[2015-05-08 11:14:21.866] [INFO] applog - f4f43d33: Directories created successfully
[2015-05-08 11:14:35.203] [INFO] applog - Application started with id:cf8c2b7e
[2015-05-08 11:14:35.435] [INFO] applog - cf8c2b7e: Connected to database successfully
[2015-05-08 11:14:35.444] [INFO] applog - cf8c2b7e: Collected inputs successfully
[2015-05-08 11:14:35.447] [INFO] applog - cf8c2b7e: Directories created successfully
[2015-05-08 11:19:59.256] [INFO] applog - Application started with id:441a6bc4
[2015-05-08 11:19:59.478] [INFO] applog - 441a6bc4: Connected to database successfully
[2015-05-08 11:19:59.481] [INFO] applog - 441a6bc4: Collected inputs successfully
[2015-05-08 11:19:59.482] [INFO] applog - 441a6bc4: Directories created successfully
[2015-05-08 11:37:03.451] [INFO] applog - Application started with id:4525a6c3
[2015-05-08 11:37:03.660] [INFO] applog - 4525a6c3: Connected to database successfully
[2015-05-08 11:37:03.663] [INFO] applog - 4525a6c3: Collected inputs successfully
[2015-05-08 11:37:03.664] [INFO] applog - 4525a6c3: Directories created successfully
[2015-05-08 11:37:03.683] [INFO] applog - : Filenames and directories collected successfully
[2015-05-08 11:37:37.028] [INFO] applog - Application started with id:545f9e7f
[2015-05-08 11:37:37.233] [INFO] applog - 545f9e7f: Connected to database successfully
[2015-05-08 11:37:37.236] [INFO] applog - 545f9e7f: Collected inputs successfully
[2015-05-08 11:37:37.237] [INFO] applog - 545f9e7f: Directories created successfully
[2015-05-08 11:37:37.255] [INFO] applog - 545f9e7f: Filenames and directories collected successfully
[2015-05-08 12:08:03.253] [INFO] applog - Application started with id:bb11714c
[2015-05-08 12:08:03.478] [INFO] applog - bb11714c: Connected to database successfully
[2015-05-08 12:08:03.483] [INFO] applog - bb11714c: Collected inputs successfully
[2015-05-08 12:08:03.503] [INFO] applog - bb11714c: Filenames and directories collected successfully
[2015-05-08 12:09:02.041] [INFO] applog - Application started with id:57855979
[2015-05-08 12:09:02.258] [INFO] applog - 57855979: Connected to database successfully
[2015-05-08 12:09:02.260] [INFO] applog - 57855979: Collected inputs successfully
[2015-05-08 12:09:02.280] [INFO] applog - 57855979: Filenames and directories collected successfully
[2015-05-08 12:09:22.275] [INFO] applog - Application started with id:5d3a799b
[2015-05-08 12:09:22.482] [INFO] applog - 5d3a799b: Connected to database successfully
[2015-05-08 12:09:40.840] [INFO] applog - 5d3a799b: Collected inputs successfully
[2015-05-08 12:09:44.801] [INFO] applog - 5d3a799b: Filenames and directories collected successfully
[2015-05-08 12:11:20.811] [INFO] applog - Application started with id:d85fb19d
[2015-05-08 12:11:21.036] [INFO] applog - d85fb19d: Connected to database successfully
[2015-05-08 12:11:21.039] [INFO] applog - d85fb19d: Collected inputs successfully
[2015-05-08 12:11:21.040] [INFO] applog - d85fb19d: Directories created successfully
[2015-05-08 12:11:21.060] [INFO] applog - d85fb19d: Filenames and directories collected successfully
[2015-05-08 12:11:41.623] [INFO] applog - Application started with id:b62a3e76
[2015-05-08 12:11:41.861] [INFO] applog - b62a3e76: Connected to database successfully
[2015-05-08 12:11:41.864] [INFO] applog - b62a3e76: Collected inputs successfully
[2015-05-08 12:11:41.865] [INFO] applog - b62a3e76: Directories created successfully
[2015-05-08 12:11:41.885] [INFO] applog - b62a3e76: Filenames and directories collected successfully
[2015-05-08 12:12:10.871] [INFO] applog - Application started with id:a9311a01
[2015-05-08 12:12:11.072] [INFO] applog - a9311a01: Connected to database successfully
[2015-05-08 12:12:11.075] [INFO] applog - a9311a01: Collected inputs successfully
[2015-05-08 12:12:11.076] [INFO] applog - a9311a01: Directories created successfully
[2015-05-08 12:12:11.096] [INFO] applog - a9311a01: Filenames and directories collected successfully
[2015-05-08 13:15:15.874] [INFO] applog - Application started with id:ddf0aad3
[2015-05-08 13:15:16.105] [INFO] applog - ddf0aad3: Connected to database successfully
[2015-05-08 13:15:16.108] [INFO] applog - ddf0aad3: Collected inputs successfully
[2015-05-08 13:15:16.110] [INFO] applog - ddf0aad3: Directories created successfully
[2015-05-08 13:15:16.130] [INFO] applog - ddf0aad3: Filenames and directories collected successfully
[2015-05-08 13:15:51.402] [INFO] applog - Application started with id:84636234
[2015-05-08 13:15:51.609] [INFO] applog - 84636234: Connected to database successfully
[2015-05-08 13:15:51.611] [INFO] applog - 84636234: Collected inputs successfully
[2015-05-08 13:15:51.612] [INFO] applog - 84636234: Directories created successfully
[2015-05-08 13:15:51.632] [INFO] applog - 84636234: Filenames and directories collected successfully
[2015-05-08 13:16:52.533] [INFO] applog - Application started with id:835be73c
[2015-05-08 13:16:52.773] [INFO] applog - 835be73c: Connected to database successfully
[2015-05-08 13:16:52.776] [INFO] applog - 835be73c: Collected inputs successfully
[2015-05-08 13:16:52.778] [INFO] applog - 835be73c: Directories created successfully
[2015-05-08 13:16:52.819] [INFO] applog - 835be73c: Filenames and directories collected successfully
[2015-05-08 13:20:04.272] [INFO] applog - Application started with id:808f45c8
[2015-05-08 13:20:06.380] [INFO] applog - 808f45c8: Connected to database successfully
[2015-05-08 13:20:06.384] [INFO] applog - 808f45c8: Collected inputs successfully
[2015-05-08 13:20:06.386] [INFO] applog - 808f45c8: Directories created successfully
[2015-05-08 13:20:06.409] [INFO] applog - 808f45c8: Filenames and directories collected successfully
[2015-05-08 13:24:18.612] [INFO] applog - Application started with id:468699ce
[2015-05-08 13:24:18.826] [INFO] applog - 468699ce: Connected to database successfully
[2015-05-08 13:24:18.828] [INFO] applog - 468699ce: Collected inputs successfully
[2015-05-08 13:24:18.829] [INFO] applog - 468699ce: Directories created successfully
[2015-05-08 13:24:18.849] [INFO] applog - 468699ce: Filenames and directories collected successfully
[2015-05-08 13:25:54.634] [INFO] applog - Application started with id:4572fc2f
[2015-05-08 13:25:54.851] [INFO] applog - 4572fc2f: Connected to database successfully
[2015-05-08 13:25:54.854] [INFO] applog - 4572fc2f: Collected inputs successfully
[2015-05-08 13:25:54.855] [INFO] applog - 4572fc2f: Directories created successfully
[2015-05-08 13:25:54.875] [INFO] applog - 4572fc2f: Filenames and directories collected successfully
[2015-05-08 13:27:05.844] [INFO] applog - Application started with id:2b636515
[2015-05-08 13:27:06.077] [INFO] applog - 2b636515: Connected to database successfully
[2015-05-08 13:27:06.080] [INFO] applog - 2b636515: Collected inputs successfully
[2015-05-08 13:27:06.082] [INFO] applog - 2b636515: Directories created successfully
[2015-05-08 13:27:06.101] [INFO] applog - 2b636515: Filenames and directories collected successfully
[2015-05-08 13:30:25.477] [INFO] applog - Application started with id:b5076103
[2015-05-08 13:30:25.683] [INFO] applog - b5076103: Connected to database successfully
[2015-05-08 13:30:25.686] [INFO] applog - b5076103: Collected inputs successfully
[2015-05-08 13:30:25.687] [INFO] applog - b5076103: Directories created successfully
[2015-05-08 13:30:25.708] [INFO] applog - b5076103: Filenames and directories collected successfully
[2015-05-08 13:30:34.762] [INFO] applog - b5076103: Input type verified from file path successfully
[2015-05-08 13:30:38.213] [INFO] applog - b5076103: Input type verified from file path successfully
[2015-05-08 13:30:38.213] [INFO] applog - b5076103: Input type verified from file path successfully
[2015-05-08 13:31:34.204] [INFO] applog - Application started with id:d36fa74f
[2015-05-08 13:31:34.427] [INFO] applog - d36fa74f: Connected to database successfully
[2015-05-08 13:31:34.429] [INFO] applog - d36fa74f: Collected inputs successfully
[2015-05-08 13:31:34.431] [INFO] applog - d36fa74f: Directories created successfully
[2015-05-08 13:31:34.450] [INFO] applog - d36fa74f: Filenames and directories collected successfully
[2015-05-08 13:31:36.907] [INFO] applog - d36fa74f: Input type verified from file path successfully
[2015-05-08 13:32:34.907] [INFO] applog - d36fa74f: Input type verified from file path successfully for phonemap
[2015-05-08 13:32:34.908] [INFO] applog - d36fa74f: Input type verified from file path successfully for employee
[2015-05-08 13:32:41.651] [INFO] applog - Application started with id:babcb0fa
[2015-05-08 13:32:41.860] [INFO] applog - babcb0fa: Connected to database successfully
[2015-05-08 13:32:41.864] [INFO] applog - babcb0fa: Collected inputs successfully
[2015-05-08 13:32:41.866] [INFO] applog - babcb0fa: Directories created successfully
[2015-05-08 13:32:41.885] [INFO] applog - babcb0fa: Filenames and directories collected successfully
[2015-05-08 13:32:41.885] [INFO] applog - babcb0fa: Input type verified from file path successfully for schedule
[2015-05-08 13:32:41.886] [INFO] applog - babcb0fa: Input type verified from file path successfully for phonemap
[2015-05-08 13:32:41.886] [INFO] applog - babcb0fa: Input type verified from file path successfully for employee
[2015-05-08 13:33:09.240] [INFO] applog - Application started with id:1c810270
[2015-05-08 13:33:09.447] [INFO] applog - 1c810270: Connected to database successfully
[2015-05-08 13:33:09.450] [INFO] applog - 1c810270: Collected inputs successfully
[2015-05-08 13:33:09.451] [INFO] applog - 1c810270: Directories created successfully
[2015-05-08 13:33:09.476] [INFO] applog - 1c810270: Filenames and directories collected successfully
[2015-05-08 13:33:09.477] [INFO] applog - 1c810270: Input type verified from file path successfully for schedule
[2015-05-08 13:33:09.477] [INFO] applog - 1c810270: Input type verified from file path successfully for phonemap
[2015-05-08 13:33:09.477] [INFO] applog - 1c810270: Input type verified from file path successfully for employee
[2015-05-08 13:33:09.477] [INFO] applog - 1c810270: Input type verified from file path successfully for absent
[2015-05-08 13:48:01.618] [INFO] applog - Application started with id:b8361995
[2015-05-08 13:48:01.848] [INFO] applog - b8361995: Connected to database successfully
[2015-05-08 13:48:01.852] [INFO] applog - b8361995: Collected inputs successfully
[2015-05-08 13:48:01.853] [INFO] applog - b8361995: Directories created successfully
[2015-05-08 13:48:01.878] [INFO] applog - b8361995: Filenames and directories collected successfully
[2015-05-08 13:48:01.878] [INFO] applog - b8361995: Input type verified from file path successfully for schedule
[2015-05-08 13:48:01.879] [INFO] applog - b8361995: Input type verified from file path successfully for phonemap
[2015-05-08 13:48:26.229] [INFO] applog - Application started with id:620f3c1f
[2015-05-08 13:48:26.437] [INFO] applog - 620f3c1f: Connected to database successfully
[2015-05-08 13:48:26.440] [INFO] applog - 620f3c1f: Collected inputs successfully
[2015-05-08 13:48:26.441] [INFO] applog - 620f3c1f: Directories created successfully
[2015-05-08 13:48:26.465] [INFO] applog - 620f3c1f: Filenames and directories collected successfully
[2015-05-08 13:48:26.465] [INFO] applog - 620f3c1f: Input type verified from file path successfully for schedule
[2015-05-08 13:48:26.466] [INFO] applog - 620f3c1f: Input type verified from file path successfully for phonemap
[2015-05-08 13:48:58.434] [INFO] applog - Application started with id:52e1bc29
[2015-05-08 13:48:58.651] [INFO] applog - 52e1bc29: Connected to database successfully
[2015-05-08 13:48:58.654] [INFO] applog - 52e1bc29: Collected inputs successfully
[2015-05-08 13:48:58.655] [INFO] applog - 52e1bc29: Directories created successfully
[2015-05-08 13:48:58.678] [INFO] applog - 52e1bc29: Filenames and directories collected successfully
[2015-05-08 13:48:58.679] [INFO] applog - 52e1bc29: Input type verified from file path successfully for schedule
[2015-05-08 13:48:58.680] [INFO] applog - 52e1bc29: Input type verified from file path successfully for phonemap
[2015-05-08 13:53:13.797] [INFO] applog - Application started with id:719acfa0
[2015-05-08 13:53:14.012] [INFO] applog - 719acfa0: Connected to database successfully
[2015-05-08 13:53:14.015] [INFO] applog - 719acfa0: Collected inputs successfully
[2015-05-08 13:53:14.016] [INFO] applog - 719acfa0: Directories created successfully
[2015-05-08 13:53:14.041] [INFO] applog - 719acfa0: Filenames and directories collected successfully
[2015-05-08 13:53:14.042] [INFO] applog - 719acfa0: Input type verified from file path successfully for schedule
[2015-05-08 13:53:14.042] [INFO] applog - 719acfa0: Input type verified from file path successfully for phonemap
[2015-05-08 13:53:14.043] [INFO] applog - 719acfa0: Input type verified from file path successfully for employee
[2015-05-08 13:53:14.043] [INFO] applog - 719acfa0: Input type verified from file path successfully for absent
[2015-05-08 13:53:14.091] [INFO] applog - 719acfa0: Data successfully save to database for file./input/absent/salests.csv
[2015-05-08 13:53:14.467] [INFO] applog - 719acfa0: Data successfully save to database for file./input/absent/salests.csv
[2015-05-08 13:53:17.088] [INFO] applog - 719acfa0: Data successfully save to database for file./input/absent/salests.csv
[2015-05-08 13:53:17.998] [INFO] applog - 719acfa0: Data successfully save to database for file./input/absent/salests.csv
[2015-05-08 13:54:54.405] [INFO] applog - Application started with id:d96bbd5e
[2015-05-08 13:54:54.622] [INFO] applog - d96bbd5e: Connected to database successfully
[2015-05-08 13:54:54.624] [INFO] applog - d96bbd5e: Collected inputs successfully
[2015-05-08 13:54:54.625] [INFO] applog - d96bbd5e: Directories created successfully
[2015-05-08 13:54:54.649] [INFO] applog - d96bbd5e: Filenames and directories collected successfully
[2015-05-08 13:54:54.649] [INFO] applog - d96bbd5e: Input type verified from file path successfully for schedule
[2015-05-08 13:54:54.650] [INFO] applog - d96bbd5e: Input type verified from file path successfully for phonemap
[2015-05-08 13:54:54.650] [INFO] applog - d96bbd5e: Input type verified from file path successfully for employee
[2015-05-08 13:54:54.651] [INFO] applog - d96bbd5e: Input type verified from file path successfully for absent
[2015-05-08 13:54:54.664] [INFO] applog - d96bbd5e: Data successfully save to database for file./input/absent/salests.csv
[2015-05-08 13:54:54.666] [INFO] applog - d96bbd5e: Data successfully save to database for file./input/absent/salests.csv
[2015-05-08 13:54:54.669] [INFO] applog - d96bbd5e: Data successfully save to database for file./input/absent/salests.csv
[2015-05-08 13:54:54.679] [INFO] applog - d96bbd5e: Data successfully save to database for file./input/absent/salests.csv
[2015-05-08 13:55:56.882] [INFO] applog - Application started with id:5b706f0f
[2015-05-08 13:55:57.101] [INFO] applog - 5b706f0f: Connected to database successfully
[2015-05-08 13:55:57.105] [INFO] applog - 5b706f0f: Collected inputs successfully
[2015-05-08 13:55:57.106] [INFO] applog - 5b706f0f: Directories created successfully
[2015-05-08 13:55:57.130] [INFO] applog - 5b706f0f: Filenames and directories collected successfully
[2015-05-08 13:57:59.097] [INFO] applog - Application started with id:84bb9beb
[2015-05-08 13:57:59.321] [INFO] applog - 84bb9beb: Connected to database successfully
[2015-05-08 13:57:59.324] [INFO] applog - 84bb9beb: Collected inputs successfully
[2015-05-08 13:57:59.326] [INFO] applog - 84bb9beb: Directories created successfully
[2015-05-08 13:57:59.351] [INFO] applog - 84bb9beb: Filenames and directories collected successfully
[2015-05-08 13:58:01.412] [INFO] applog - 84bb9beb: Input type verified from file path successfully for schedule
[2015-05-08 13:58:02.192] [INFO] applog - 84bb9beb: Input type verified from file path successfully for phonemap
[2015-05-08 13:58:02.791] [INFO] applog - 84bb9beb: Input type verified from file path successfully for employee
[2015-05-08 13:58:03.316] [INFO] applog - 84bb9beb: Input type verified from file path successfully for absent
[2015-05-08 13:58:03.332] [INFO] applog - 84bb9beb: Data successfully save to database for file salests.csv
[2015-05-08 13:58:03.333] [INFO] applog - 84bb9beb: Data successfully save to database for file salests.csv
[2015-05-08 13:58:03.336] [INFO] applog - 84bb9beb: Data successfully save to database for file salests.csv
[2015-05-08 13:58:03.338] [INFO] applog - 84bb9beb: Data successfully save to database for file salests.csv
[2015-05-08 14:03:41.015] [INFO] applog - Application started with id:9cdeb836
[2015-05-08 14:03:41.235] [INFO] applog - 9cdeb836: Connected to database successfully
[2015-05-08 14:03:41.239] [INFO] applog - 9cdeb836: Collected inputs successfully
[2015-05-08 14:03:41.241] [INFO] applog - 9cdeb836: Directories created successfully
[2015-05-08 14:03:41.266] [INFO] applog - 9cdeb836: Filenames and directories collected successfully
[2015-05-08 14:03:41.266] [INFO] applog - 9cdeb836: Input type verified from file path successfully for schedule
[2015-05-08 14:03:41.267] [INFO] applog - 9cdeb836: Input type verified from file path successfully for phonemap
[2015-05-08 14:03:41.267] [INFO] applog - 9cdeb836: Input type verified from file path successfully for employee
[2015-05-08 14:03:41.268] [INFO] applog - 9cdeb836: Input type verified from file path successfully for absent
[2015-05-08 14:03:41.281] [INFO] applog - 9cdeb836: Data successfully save to database for file salests.csv
[2015-05-08 14:03:41.282] [INFO] applog - 9cdeb836: Completed schedule
[2015-05-08 14:03:41.284] [INFO] applog - 9cdeb836: Data successfully save to database for file salests.csv
[2015-05-08 14:03:41.284] [INFO] applog - 9cdeb836: Completed employee
[2015-05-08 14:03:41.287] [INFO] applog - 9cdeb836: Data successfully save to database for file salests.csv
[2015-05-08 14:03:41.287] [INFO] applog - 9cdeb836: Completed phonemap
[2015-05-08 14:03:41.290] [INFO] applog - 9cdeb836: Data successfully save to database for file salests.csv
[2015-05-08 14:03:41.290] [INFO] applog - 9cdeb836: Completed absent
[2015-05-08 14:05:21.430] [INFO] applog - Application started with id:b398ba5c
[2015-05-08 14:05:21.656] [INFO] applog - b398ba5c: Connected to database successfully
[2015-05-08 14:05:21.659] [INFO] applog - b398ba5c: Collected inputs successfully
[2015-05-08 14:05:21.660] [INFO] applog - b398ba5c: Directories created successfully
[2015-05-08 14:05:21.684] [INFO] applog - b398ba5c: Filenames and directories collected successfully
[2015-05-08 14:05:21.684] [INFO] applog - b398ba5c: Input type verified from file path successfully for schedule
[2015-05-08 14:05:21.685] [INFO] applog - b398ba5c: Input type verified from file path successfully for phonemap
[2015-05-08 14:05:21.686] [INFO] applog - b398ba5c: Input type verified from file path successfully for employee
[2015-05-08 14:05:21.686] [INFO] applog - b398ba5c: Input type verified from file path successfully for absent
[2015-05-08 14:05:21.699] [INFO] applog - b398ba5c: Data successfully save to database for file salests.csv in Schema schedule
[2015-05-08 14:05:21.699] [INFO] applog - b398ba5c: Completed schedule
[2015-05-08 14:05:21.701] [INFO] applog - b398ba5c: Data successfully save to database for file salests.csv in Schema phonemap
[2015-05-08 14:05:21.701] [INFO] applog - b398ba5c: Completed phonemap
[2015-05-08 14:05:21.704] [INFO] applog - b398ba5c: Data successfully save to database for file salests.csv in Schema employee
[2015-05-08 14:05:21.704] [INFO] applog - b398ba5c: Completed employee
[2015-05-08 14:05:21.707] [INFO] applog - b398ba5c: Data successfully save to database for file salests.csv in Schema absent
[2015-05-08 14:05:21.707] [INFO] applog - b398ba5c: Completed absent
[2015-05-08 14:06:22.251] [INFO] applog - Application started with id:9ebfda6f
[2015-05-08 14:06:22.597] [INFO] applog - 9ebfda6f: Connected to database successfully
[2015-05-08 14:06:22.601] [INFO] applog - 9ebfda6f: Collected inputs successfully
[2015-05-08 14:06:22.603] [INFO] applog - 9ebfda6f: Directories created successfully
[2015-05-08 14:06:22.627] [INFO] applog - 9ebfda6f: Filenames and directories collected successfully
[2015-05-08 14:06:22.627] [INFO] applog - 9ebfda6f: Input type verified from file path successfully for schedule
[2015-05-08 14:06:22.628] [INFO] applog - 9ebfda6f: Input type verified from file path successfully for phonemap
[2015-05-08 14:06:22.628] [INFO] applog - 9ebfda6f: Input type verified from file path successfully for employee
[2015-05-08 14:06:22.629] [INFO] applog - 9ebfda6f: Input type verified from file path successfully for absent
[2015-05-08 14:06:22.643] [INFO] applog - 9ebfda6f: Data successfully saved to database for file salests.csv in Schema schedule
[2015-05-08 14:06:22.645] [INFO] applog - 9ebfda6f: Data successfully saved to database for file salests.csv in Schema phonemap
[2015-05-08 14:06:22.648] [INFO] applog - 9ebfda6f: Data successfully saved to database for file salests.csv in Schema employee
[2015-05-08 14:06:22.651] [INFO] applog - 9ebfda6f: Data successfully saved to database for file salests.csv in Schema absent
[2015-05-08 14:11:07.384] [INFO] applog - Application started with id:7fc867e7
[2015-05-08 14:11:07.618] [INFO] applog - 7fc867e7: Connected to database successfully
[2015-05-08 14:11:07.621] [INFO] applog - 7fc867e7: Collected inputs successfully
[2015-05-08 14:11:07.623] [INFO] applog - 7fc867e7: Directories created successfully
[2015-05-08 14:11:07.647] [INFO] applog - 7fc867e7: Filenames and directories collected successfully
[2015-05-08 14:11:07.647] [INFO] applog - 7fc867e7: Input type verified from file path successfully for schedule
[2015-05-08 14:11:07.648] [INFO] applog - 7fc867e7: Input type verified from file path successfully for phonemap
[2015-05-08 14:11:07.649] [INFO] applog - 7fc867e7: Input type verified from file path successfully for employee
[2015-05-08 14:11:07.649] [INFO] applog - 7fc867e7: Input type verified from file path successfully for absent
[2015-05-08 14:11:07.662] [INFO] applog - 7fc867e7: Data successfully saved to database for file salests.csv in Schema schedule
[2015-05-08 14:11:07.665] [INFO] applog - 7fc867e7: Data successfully saved to database for file salests.csv in Schema phonemap
[2015-05-08 14:11:07.668] [INFO] applog - 7fc867e7: Data successfully saved to database for file salests.csv in Schema employee
[2015-05-08 14:11:07.671] [INFO] applog - 7fc867e7: Data successfully saved to database for file salests.csv in Schema absent
[2015-05-08 14:11:07.671] [INFO] applog - 7fc867e7: All files written to database successfully
[2015-05-08 14:11:35.212] [INFO] applog - Application started with id:d5e290a6
[2015-05-08 14:11:35.419] [INFO] applog - d5e290a6: Connected to database successfully
[2015-05-08 14:11:35.421] [INFO] applog - d5e290a6: Collected inputs successfully
[2015-05-08 14:11:35.422] [INFO] applog - d5e290a6: Directories created successfully
[2015-05-08 14:11:35.446] [INFO] applog - d5e290a6: Filenames and directories collected successfully
[2015-05-08 14:11:35.446] [INFO] applog - d5e290a6: Input type verified from file path successfully for schedule
[2015-05-08 14:11:35.447] [INFO] applog - d5e290a6: Input type verified from file path successfully for phonemap
[2015-05-08 14:11:35.447] [INFO] applog - d5e290a6: Input type verified from file path successfully for employee
[2015-05-08 14:11:35.448] [INFO] applog - d5e290a6: Input type verified from file path successfully for absent
[2015-05-08 14:11:35.460] [INFO] applog - d5e290a6: Data successfully saved to database for file salests.csv in Schema schedule
[2015-05-08 14:11:35.463] [INFO] applog - d5e290a6: Data successfully saved to database for file salests.csv in Schema phonemap
[2015-05-08 14:11:35.466] [INFO] applog - d5e290a6: Data successfully saved to database for file salests.csv in Schema absent
[2015-05-08 14:11:36.493] [INFO] applog - d5e290a6: Data successfully saved to database for file employees.csv in Schema employee
[2015-05-08 14:11:36.494] [INFO] applog - d5e290a6: All files written to database successfully
[2015-05-08 14:14:04.014] [INFO] applog - Application started with id:aad88679
[2015-05-08 14:14:04.229] [INFO] applog - aad88679: Connected to database successfully
[2015-05-08 14:14:04.233] [INFO] applog - aad88679: Collected inputs successfully
[2015-05-08 14:14:04.234] [INFO] applog - aad88679: Directories created successfully
[2015-05-08 14:14:04.257] [INFO] applog - aad88679: Filenames and directories collected successfully
[2015-05-08 14:14:04.258] [INFO] applog - aad88679: Input type verified from file path successfully for schedule
[2015-05-08 14:14:04.259] [INFO] applog - aad88679: Input type verified from file path successfully for phonemap
[2015-05-08 14:14:04.259] [INFO] applog - aad88679: Input type verified from file path successfully for employee
[2015-05-08 14:14:04.260] [INFO] applog - aad88679: Input type verified from file path successfully for employee
[2015-05-08 14:14:04.260] [INFO] applog - aad88679: Input type verified from file path successfully for absent
[2015-05-08 14:14:04.277] [INFO] applog - aad88679: Data successfully saved to database for file salests.csv in Schema schedule
[2015-05-08 14:14:04.279] [INFO] applog - aad88679: Data successfully saved to database for file salests.csv in Schema phonemap
[2015-05-08 14:14:04.348] [INFO] applog - aad88679: Data successfully saved to database for file salests.csv in Schema absent
[2015-05-08 14:14:06.670] [INFO] applog - aad88679: Data successfully saved to database for file employees.csv in Schema employee
[2015-05-08 14:14:06.670] [INFO] applog - aad88679: All files written to database successfully
[2015-05-08 14:14:06.813] [INFO] applog - aad88679: Data successfully saved to database for file employeesa.csv in Schema employee
[2015-05-08 14:14:41.815] [INFO] applog - Application started with id:7ef2c505
[2015-05-08 14:14:42.022] [INFO] applog - 7ef2c505: Connected to database successfully
[2015-05-08 14:14:42.024] [INFO] applog - 7ef2c505: Collected inputs successfully
[2015-05-08 14:14:42.025] [INFO] applog - 7ef2c505: Directories created successfully
[2015-05-08 14:14:42.050] [INFO] applog - 7ef2c505: Filenames and directories collected successfully
[2015-05-08 14:14:42.050] [INFO] applog - 7ef2c505: Input type verified from file path successfully for schedule
[2015-05-08 14:14:42.051] [INFO] applog - 7ef2c505: Input type verified from file path successfully for phonemap
[2015-05-08 14:14:42.051] [INFO] applog - 7ef2c505: Input type verified from file path successfully for employee
[2015-05-08 14:14:42.052] [INFO] applog - 7ef2c505: Input type verified from file path successfully for employee
[2015-05-08 14:14:42.052] [INFO] applog - 7ef2c505: Input type verified from file path successfully for absent
[2015-05-08 14:14:42.074] [INFO] applog - 7ef2c505: Data successfully saved to database for file salests.csv in Schema schedule
[2015-05-08 14:14:42.076] [INFO] applog - 7ef2c505: Data successfully saved to database for file salests.csv in Schema phonemap
[2015-05-08 14:14:42.256] [INFO] applog - 7ef2c505: Data successfully saved to database for file salests.csv in Schema absent
[2015-05-08 14:14:44.385] [INFO] applog - 7ef2c505: Data successfully saved to database for file employees.csv in Schema employee
[2015-05-08 14:14:44.472] [INFO] applog - 7ef2c505: Data successfully saved to database for file employeesa.csv in Schema employee
[2015-05-08 14:14:44.473] [INFO] applog - 7ef2c505: All files written to database successfully
[2015-05-08 14:16:16.110] [INFO] applog - Application started with id:8983dae0
[2015-05-08 14:16:16.434] [INFO] applog - 8983dae0: Connected to database successfully
[2015-05-08 14:16:16.443] [INFO] applog - 8983dae0: Collected inputs successfully
[2015-05-08 14:16:16.446] [INFO] applog - 8983dae0: Directories created successfully
[2015-05-08 14:16:16.472] [INFO] applog - 8983dae0: Filenames and directories collected successfully
[2015-05-08 14:16:16.473] [INFO] applog - 8983dae0: Input type verified from file path successfully for schedule
[2015-05-08 14:16:16.474] [INFO] applog - 8983dae0: Input type verified from file path successfully for phonemap
[2015-05-08 14:16:16.474] [INFO] applog - 8983dae0: Input type verified from file path successfully for employee
[2015-05-08 14:16:16.475] [INFO] applog - 8983dae0: Input type verified from file path successfully for employee
[2015-05-08 14:16:16.475] [INFO] applog - 8983dae0: Input type verified from file path successfully for absent
[2015-05-08 14:16:16.533] [INFO] applog - 8983dae0: Data successfully saved to database for file salests.csv in Schema schedule
[2015-05-08 14:16:16.845] [INFO] applog - 8983dae0: Data successfully saved to database for file salests.csv in Schema absent
[2015-05-08 14:20:47.786] [INFO] applog - Application started with id:d08fc7ec
[2015-05-08 14:20:48.028] [INFO] applog - d08fc7ec: Connected to database successfully
[2015-05-08 14:20:48.036] [INFO] applog - d08fc7ec: Collected inputs successfully
[2015-05-08 14:20:48.038] [INFO] applog - d08fc7ec: Directories created successfully
[2015-05-08 14:20:48.064] [INFO] applog - d08fc7ec: Filenames and directories collected successfully
[2015-05-08 14:20:48.064] [INFO] applog - d08fc7ec: Input type verified from file path successfully for schedule
[2015-05-08 14:20:48.065] [INFO] applog - d08fc7ec: Input type verified from file path successfully for phonemap
[2015-05-08 14:20:48.066] [INFO] applog - d08fc7ec: Input type verified from file path successfully for employee
[2015-05-08 14:20:48.067] [INFO] applog - d08fc7ec: Input type verified from file path successfully for employee
[2015-05-08 14:20:48.067] [INFO] applog - d08fc7ec: Input type verified from file path successfully for absent
[2015-05-08 14:20:48.123] [INFO] applog - d08fc7ec: Data successfully saved to database for file salests.csv in Schema schedule
[2015-05-08 14:20:48.383] [INFO] applog - d08fc7ec: Data successfully saved to database for file salests.csv in Schema absent
[2015-05-08 14:20:50.853] [INFO] applog - d08fc7ec: Data successfully saved to database for file phonemap.csv in Schema phonemap
[2015-05-08 14:20:51.594] [INFO] applog - d08fc7ec: Data successfully saved to database for file employees.csv in Schema employee
[2015-05-08 14:20:51.674] [INFO] applog - d08fc7ec: Data successfully saved to database for file employeesa.csv in Schema employee
[2015-05-08 14:20:51.675] [INFO] applog - d08fc7ec: All files written to database successfully
[2015-05-08 14:34:29.600] [INFO] applog - Application started with id:b5c0e220
[2015-05-08 14:34:29.835] [INFO] applog - b5c0e220: Connected to database successfully
[2015-05-08 14:34:29.842] [INFO] applog - b5c0e220: Collected inputs successfully
[2015-05-08 14:34:29.844] [INFO] applog - b5c0e220: Directories created successfully
[2015-05-08 14:34:29.869] [INFO] applog - b5c0e220: Filenames and directories collected successfully
[2015-05-08 14:35:57.875] [INFO] applog - Application started with id:5fda6c21
[2015-05-08 14:35:58.104] [INFO] applog - 5fda6c21: Connected to database successfully
[2015-05-08 14:35:58.111] [INFO] applog - 5fda6c21: Collected inputs successfully
[2015-05-08 14:35:58.113] [INFO] applog - 5fda6c21: Directories created successfully
[2015-05-08 14:35:58.138] [INFO] applog - 5fda6c21: Filenames and directories collected successfully
[2015-05-08 14:36:58.474] [INFO] applog - Application started with id:048e0e2a
[2015-05-08 14:36:58.705] [INFO] applog - 048e0e2a: Connected to database successfully
[2015-05-08 14:36:58.712] [INFO] applog - 048e0e2a: Collected inputs successfully
[2015-05-08 14:36:58.714] [INFO] applog - 048e0e2a: Directories created successfully
[2015-05-08 14:36:58.741] [INFO] applog - 048e0e2a: Filenames and directories collected successfully
[2015-05-08 14:37:16.850] [INFO] applog - Application started with id:6296bf31
[2015-05-08 14:37:17.081] [INFO] applog - 6296bf31: Connected to database successfully
[2015-05-08 14:37:17.089] [INFO] applog - 6296bf31: Collected inputs successfully
[2015-05-08 14:37:17.091] [INFO] applog - 6296bf31: Directories created successfully
[2015-05-08 14:37:17.118] [INFO] applog - 6296bf31: Filenames and directories collected successfully
[2015-05-08 14:37:39.060] [INFO] applog - Application started with id:bbbce493
[2015-05-08 14:37:39.267] [INFO] applog - bbbce493: Connected to database successfully
[2015-05-08 14:37:39.270] [INFO] applog - bbbce493: Collected inputs successfully
[2015-05-08 14:37:39.271] [INFO] applog - bbbce493: Directories created successfully
[2015-05-08 14:37:39.295] [INFO] applog - bbbce493: Filenames and directories collected successfully
[2015-05-08 14:39:46.435] [INFO] applog - Application started with id:16f6f801
[2015-05-08 14:39:46.653] [INFO] applog - 16f6f801: Connected to database successfully
[2015-05-08 14:39:46.656] [INFO] applog - 16f6f801: Collected inputs successfully
[2015-05-08 14:39:46.657] [INFO] applog - 16f6f801: Directories created successfully
[2015-05-08 14:39:46.681] [INFO] applog - 16f6f801: Filenames and directories collected successfully
[2015-05-08 14:41:59.645] [INFO] applog - Application started with id:56e5c246
[2015-05-08 14:44:58.430] [INFO] applog - Application started with id:7d56e228
[2015-05-08 14:48:02.820] [INFO] applog - Application started with id:1a001e96
[2015-05-08 14:48:03.038] [INFO] applog - 1a001e96: Connected to database successfully
[2015-05-08 14:51:41.447] [INFO] applog - Application started with id:28a7e2cb
[2015-05-08 14:52:13.269] [INFO] applog - Application started with id:b402d078
[2015-05-08 14:55:19.442] [INFO] applog - Application started with id:9a0e6863
[2015-05-08 14:55:19.668] [INFO] applog - 9a0e6863: Connected to database successfully
[2015-05-08 14:55:19.671] [INFO] applog - 9a0e6863: Collected inputs successfully
[2015-05-08 14:55:19.672] [INFO] applog - 9a0e6863: Directories created successfully
[2015-05-08 14:55:19.696] [INFO] applog - 9a0e6863: Filenames and directories collected successfully
[2015-05-08 14:55:35.236] [INFO] applog - Application started with id:1a18fcb7
[2015-05-08 15:02:35.401] [INFO] applog - Application started with id:75aa2ce4
[2015-05-08 15:04:26.195] [INFO] applog - Application started with id:8e1e7add
[2015-05-08 15:04:57.942] [INFO] applog - Application started with id:9cc12963
[2015-05-08 15:04:57.942] [INFO] applog - Application started with id:9cc12963
[2015-05-08 15:06:56.854] [INFO] applog - Application started with id:3d56da65
[2015-05-08 15:08:21.823] [INFO] applog - Application started with id:a03888c6
[2015-05-08 15:09:33.863] [INFO] applog - Application started with id:1a02e1c9
[2015-05-08 15:12:31.074] [INFO] applog - Application started with id:f4d29ea5
[2015-05-08 15:12:31.297] [INFO] applog - f4d29ea5: Connected to database successfully
[2015-05-08 15:12:31.299] [INFO] applog - f4d29ea5: Collected inputs successfully
[2015-05-08 15:12:31.300] [INFO] applog - f4d29ea5: Directories created successfully
[2015-05-08 15:12:31.324] [INFO] applog - f4d29ea5: Filenames and directories collected successfully
[2015-05-08 15:13:26.869] [INFO] applog - Application started with id:0b3344d8
[2015-05-08 15:13:27.078] [INFO] applog - 0b3344d8: Connected to database successfully
[2015-05-08 15:13:27.081] [INFO] applog - 0b3344d8: Collected inputs successfully
[2015-05-08 15:13:27.082] [INFO] applog - 0b3344d8: Directories created successfully
[2015-05-08 15:13:27.106] [INFO] applog - 0b3344d8: Filenames and directories collected successfully
[2015-05-08 15:14:29.632] [INFO] applog - Application started with id:d5e173d2
[2015-05-08 15:14:29.838] [INFO] applog - d5e173d2: Connected to database successfully
[2015-05-08 15:14:29.840] [INFO] applog - d5e173d2: Collected inputs successfully
[2015-05-08 15:14:29.841] [INFO] applog - d5e173d2: Directories created successfully
[2015-05-08 15:14:29.865] [INFO] applog - d5e173d2: Filenames and directories collected successfully
[2015-05-08 15:15:23.656] [INFO] applog - Application started with id:ef0b996d
[2015-05-08 15:15:23.872] [INFO] applog - ef0b996d: Connected to database successfully
[2015-05-08 15:15:23.875] [INFO] applog - ef0b996d: Collected inputs successfully
[2015-05-08 15:15:23.877] [INFO] applog - ef0b996d: Directories created successfully
[2015-05-08 15:15:23.904] [INFO] applog - ef0b996d: Filenames and directories collected successfully
[2015-05-08 15:15:46.658] [INFO] applog - Application started with id:0251f1ed
[2015-05-08 15:15:46.869] [INFO] applog - 0251f1ed: Connected to database successfully
[2015-05-08 15:15:46.872] [INFO] applog - 0251f1ed: Collected inputs successfully
[2015-05-08 15:15:46.873] [INFO] applog - 0251f1ed: Directories created successfully
[2015-05-08 15:15:46.900] [INFO] applog - 0251f1ed: Filenames and directories collected successfully
[2015-05-08 15:16:46.654] [INFO] applog - Application started with id:6d46e229
[2015-05-08 15:16:46.866] [INFO] applog - 6d46e229: Connected to database successfully
[2015-05-08 15:17:01.411] [INFO] applog - 6d46e229: Collected inputs successfully
[2015-05-08 15:17:21.966] [INFO] applog - 6d46e229: Directories created successfully
[2015-05-08 16:16:33.459] [INFO] applog - Application started with id:b05f82c2
[2015-05-08 16:16:33.675] [INFO] applog - b05f82c2: Connected to database successfully
[2015-05-08 16:16:33.677] [INFO] applog - b05f82c2: Collected inputs successfully
[2015-05-08 16:16:33.679] [INFO] applog - b05f82c2: Directories created successfully
[2015-05-08 16:16:33.698] [INFO] applog - b05f82c2: Filenames and directories collected successfully
[2015-05-08 16:27:30.243] [INFO] applog - Application started with id:0101a2d4
[2015-05-08 16:27:30.468] [INFO] applog - 0101a2d4: Connected to database successfully
[2015-05-08 16:27:30.472] [INFO] applog - 0101a2d4: Collected inputs successfully
[2015-05-08 16:27:30.474] [INFO] applog - 0101a2d4: Directories created successfully
[2015-05-08 16:27:30.493] [INFO] applog - 0101a2d4: Filenames and directories collected successfully
[2015-05-08 16:27:37.664] [INFO] applog - Application started with id:085efd7e
[2015-05-08 16:27:37.877] [INFO] applog - 085efd7e: Connected to database successfully
[2015-05-08 16:27:37.879] [INFO] applog - 085efd7e: Collected inputs successfully
[2015-05-08 16:27:37.881] [INFO] applog - 085efd7e: Directories created successfully
[2015-05-08 16:27:37.900] [INFO] applog - 085efd7e: Filenames and directories collected successfully
[2015-05-08 16:28:03.798] [INFO] applog - Application started with id:489d2a8a
[2015-05-08 16:28:03.995] [INFO] applog - 489d2a8a: Connected to database successfully
[2015-05-08 16:28:03.998] [INFO] applog - 489d2a8a: Collected inputs successfully
[2015-05-08 16:28:03.999] [INFO] applog - 489d2a8a: Directories created successfully
[2015-05-08 16:28:04.019] [INFO] applog - 489d2a8a: Filenames and directories collected successfully
[2015-05-08 16:28:04.040] [INFO] applog - 489d2a8a: Input type verified from file path successfully for schedule
[2015-05-08 16:28:04.041] [INFO] applog - 489d2a8a: Input type verified from file path successfully for phonemap
[2015-05-08 16:28:04.042] [INFO] applog - 489d2a8a: Input type verified from file path successfully for employee
[2015-05-08 16:28:04.042] [INFO] applog - 489d2a8a: Input type verified from file path successfully for employee
[2015-05-08 16:28:04.070] [INFO] applog - 489d2a8a: Data successfully saved to database for file salests.csv in Schema schedule
[2015-05-08 16:28:06.488] [INFO] applog - 489d2a8a: Data successfully saved to database for file phonemap.csv in Schema phonemap
[2015-05-08 16:28:07.442] [INFO] applog - 489d2a8a: Data successfully saved to database for file employees.csv in Schema employee
[2015-05-08 16:28:07.509] [INFO] applog - 489d2a8a: Data successfully saved to database for file employeesa.csv in Schema employee
[2015-05-08 16:28:07.509] [INFO] applog - 489d2a8a: All files written to database successfully
[2015-05-08 16:28:57.647] [INFO] applog - Application started with id:d9f65925
[2015-05-08 16:28:57.861] [INFO] applog - d9f65925: Connected to database successfully
[2015-05-08 16:28:57.864] [INFO] applog - d9f65925: Collected inputs successfully
[2015-05-08 16:28:57.865] [INFO] applog - d9f65925: Directories created successfully
[2015-05-08 16:28:57.884] [INFO] applog - d9f65925: Filenames and directories collected successfully
[2015-05-08 16:28:57.906] [INFO] applog - d9f65925: Input type verified from file path successfully for schedule
[2015-05-08 16:28:57.907] [INFO] applog - d9f65925: Input type verified from file path successfully for phonemap
[2015-05-08 16:28:57.907] [INFO] applog - d9f65925: Input type verified from file path successfully for employee
[2015-05-08 16:28:57.908] [INFO] applog - d9f65925: Input type verified from file path successfully for employee
[2015-05-08 16:28:57.936] [INFO] applog - d9f65925: Data successfully saved to database for file salests.csv in Schema schedule
[2015-05-08 16:29:00.392] [INFO] applog - d9f65925: Data successfully saved to database for file phonemap.csv in Schema phonemap
[2015-05-08 16:29:01.237] [INFO] applog - d9f65925: Data successfully saved to database for file employeesa.csv in Schema employee
[2015-05-08 16:29:01.306] [INFO] applog - d9f65925: Data successfully saved to database for file employees.csv in Schema employee
[2015-05-08 16:29:01.307] [INFO] applog - d9f65925: All files written to database successfully
[2015-05-08 19:24:21.026] [INFO] applog - Application started with id:dc5c12fe
[2015-05-08 19:24:21.259] [INFO] applog - dc5c12fe: Connected to database successfully
[2015-05-08 19:24:21.264] [INFO] applog - dc5c12fe: Collected inputs successfully
[2015-05-08 19:24:21.265] [INFO] applog - dc5c12fe: Directories created successfully
[2015-05-08 19:24:21.286] [INFO] applog - dc5c12fe: Filenames and directories collected successfully
[2015-05-08 19:24:21.307] [INFO] applog - dc5c12fe: Input type verified from file path successfully for schedule
[2015-05-08 19:24:21.308] [INFO] applog - dc5c12fe: Input type verified from file path successfully for phonemap
[2015-05-08 19:24:21.309] [INFO] applog - dc5c12fe: Input type verified from file path successfully for employee
[2015-05-08 19:24:21.309] [INFO] applog - dc5c12fe: Input type verified from file path successfully for employee
[2015-05-08 19:24:21.331] [INFO] applog - dc5c12fe: Data successfully saved to database for file salests.csv in Schema schedule
[2015-05-08 19:24:59.734] [INFO] applog - dc5c12fe: Successfully logged file processed for 
[2015-05-08 19:25:01.675] [INFO] applog - dc5c12fe: Data successfully saved to database for file phonemap.csv in Schema phonemap
[2015-05-08 19:25:02.459] [INFO] applog - dc5c12fe: Data successfully saved to database for file employees.csv in Schema employee
[2015-05-08 19:25:02.623] [INFO] applog - dc5c12fe: Data successfully saved to database for file employeesa.csv in Schema employee
[2015-05-08 19:25:37.655] [INFO] applog - Application started with id:7254e079
[2015-05-08 19:25:37.879] [INFO] applog - 7254e079: Connected to database successfully
[2015-05-08 19:25:37.882] [INFO] applog - 7254e079: Collected inputs successfully
[2015-05-08 19:25:37.883] [INFO] applog - 7254e079: Directories created successfully
[2015-05-08 19:25:37.903] [INFO] applog - 7254e079: Filenames and directories collected successfully
[2015-05-08 19:25:37.924] [INFO] applog - 7254e079: Input type verified from file path successfully for schedule
[2015-05-08 19:25:37.925] [INFO] applog - 7254e079: Input type verified from file path successfully for phonemap
[2015-05-08 19:25:37.925] [INFO] applog - 7254e079: Input type verified from file path successfully for employee
[2015-05-08 19:25:37.925] [INFO] applog - 7254e079: Input type verified from file path successfully for employee
[2015-05-08 19:25:37.944] [INFO] applog - 7254e079: Data successfully saved to database for file salests.csv in Schema schedule
[2015-05-08 19:25:40.429] [INFO] applog - 7254e079: Data successfully saved to database for file phonemap.csv in Schema phonemap
[2015-05-08 19:25:41.395] [INFO] applog - 7254e079: Data successfully saved to database for file employees.csv in Schema employee
[2015-05-08 19:25:41.450] [INFO] applog - 7254e079: Data successfully saved to database for file employeesa.csv in Schema employee
[2015-05-08 19:25:42.057] [INFO] applog - 7254e079: Successfully logged file processed for salests.csv
[2015-05-08 19:25:51.265] [INFO] applog - 7254e079: Successfully logged file processed for employees.csv
[2015-05-08 19:25:51.295] [INFO] applog - 7254e079: Successfully logged file processed for phonemap.csv
[2015-05-08 19:25:51.486] [INFO] applog - 7254e079: Successfully logged file processed for employeesa.csv
[2015-05-08 19:29:06.447] [INFO] applog - Application started with id:368b4d25
[2015-05-08 19:29:06.686] [INFO] applog - 368b4d25: Connected to database successfully
[2015-05-08 19:29:06.688] [INFO] applog - 368b4d25: Collected inputs successfully
[2015-05-08 19:29:06.689] [INFO] applog - 368b4d25: Directories created successfully
[2015-05-08 19:29:06.709] [INFO] applog - 368b4d25: Filenames and directories collected successfully
[2015-05-08 19:29:06.731] [INFO] applog - 368b4d25: Input type verified from file path successfully for schedule
[2015-05-08 19:29:06.732] [INFO] applog - 368b4d25: Input type verified from file path successfully for phonemap
[2015-05-08 19:29:06.733] [INFO] applog - 368b4d25: Input type verified from file path successfully for employee
[2015-05-08 19:29:06.733] [INFO] applog - 368b4d25: Input type verified from file path successfully for employee
[2015-05-08 19:29:06.754] [INFO] applog - 368b4d25: Data successfully saved to database for file salests.csv in Schema schedule
[2015-05-08 19:29:08.478] [INFO] applog - 368b4d25: Successfully logged file processed for salests.csv
[2015-05-08 19:29:09.432] [INFO] applog - 368b4d25: Data successfully saved to database for file phonemap.csv in Schema phonemap
[2015-05-08 19:29:10.317] [INFO] applog - 368b4d25: Data successfully saved to database for file employeesa.csv in Schema employee
[2015-05-08 19:29:10.439] [INFO] applog - 368b4d25: Data successfully saved to database for file employees.csv in Schema employee
[2015-05-08 19:29:20.099] [INFO] applog - 368b4d25: Successfully logged file processed for employeesa.csv
[2015-05-08 19:29:20.207] [INFO] applog - 368b4d25: Successfully logged file processed for employees.csv
[2015-05-08 19:29:23.121] [INFO] applog - 368b4d25: Successfully logged file processed for phonemap.csv
[2015-05-08 19:30:52.781] [INFO] applog - Application started with id:7722dbb6
[2015-05-08 19:30:53.010] [INFO] applog - 7722dbb6: Connected to database successfully
[2015-05-08 19:30:53.012] [INFO] applog - 7722dbb6: Collected inputs successfully
[2015-05-08 19:30:53.014] [INFO] applog - 7722dbb6: Directories created successfully
[2015-05-08 19:30:53.033] [INFO] applog - 7722dbb6: Filenames and directories collected successfully
[2015-05-08 19:30:53.054] [INFO] applog - 7722dbb6: Input type verified from file path successfully for schedule
[2015-05-08 19:30:53.055] [INFO] applog - 7722dbb6: Input type verified from file path successfully for phonemap
[2015-05-08 19:30:53.055] [INFO] applog - 7722dbb6: Input type verified from file path successfully for employee
[2015-05-08 19:30:53.056] [INFO] applog - 7722dbb6: Input type verified from file path successfully for employee
[2015-05-08 19:30:53.072] [INFO] applog - 7722dbb6: Data successfully saved to database for file salests.csv in Schema schedule
[2015-05-08 19:33:08.623] [INFO] applog - Application started with id:b3976f9b
[2015-05-08 19:33:08.847] [INFO] applog - b3976f9b: Connected to database successfully
[2015-05-08 19:33:08.853] [INFO] applog - b3976f9b: Collected inputs successfully
[2015-05-08 19:33:08.855] [INFO] applog - b3976f9b: Directories created successfully
[2015-05-08 19:33:08.892] [INFO] applog - b3976f9b: Filenames and directories collected successfully
[2015-05-08 19:33:08.914] [INFO] applog - b3976f9b: Input type verified from file path successfully for schedule
[2015-05-08 19:33:08.915] [INFO] applog - b3976f9b: Input type verified from file path successfully for phonemap
[2015-05-08 19:33:08.916] [INFO] applog - b3976f9b: Input type verified from file path successfully for employee
[2015-05-08 19:33:08.916] [INFO] applog - b3976f9b: Input type verified from file path successfully for employee
[2015-05-08 19:33:08.948] [INFO] applog - b3976f9b: Data successfully saved to database for file salests.csv in Schema schedule
[2015-05-08 19:34:42.857] [INFO] applog - Application started with id:6d1eeb7d
[2015-05-08 19:34:43.072] [INFO] applog - 6d1eeb7d: Connected to database successfully
[2015-05-08 19:34:43.075] [INFO] applog - 6d1eeb7d: Collected inputs successfully
[2015-05-08 19:34:43.077] [INFO] applog - 6d1eeb7d: Directories created successfully
[2015-05-08 19:34:43.096] [INFO] applog - 6d1eeb7d: Filenames and directories collected successfully
[2015-05-08 19:34:43.118] [INFO] applog - 6d1eeb7d: Input type verified from file path successfully for schedule
[2015-05-08 19:34:43.119] [INFO] applog - 6d1eeb7d: Input type verified from file path successfully for phonemap
[2015-05-08 19:34:43.120] [INFO] applog - 6d1eeb7d: Input type verified from file path successfully for employee
[2015-05-08 19:34:43.121] [INFO] applog - 6d1eeb7d: Input type verified from file path successfully for employee
[2015-05-08 19:34:43.151] [INFO] applog - 6d1eeb7d: Data successfully saved to database for file salests.csv in Schema schedule
[2015-05-08 19:34:49.798] [INFO] applog - 6d1eeb7d: Successfully logged file processed for salests.csv
[2015-05-08 19:34:50.695] [INFO] applog - 6d1eeb7d: Data successfully saved to database for file phonemap.csv in Schema phonemap
[2015-05-08 19:34:51.634] [INFO] applog - 6d1eeb7d: Data successfully saved to database for file employees.csv in Schema employee
[2015-05-08 19:34:51.685] [INFO] applog - 6d1eeb7d: Data successfully saved to database for file employeesa.csv in Schema employee
[2015-05-08 19:35:01.402] [INFO] applog - 6d1eeb7d: Successfully logged file processed for phonemap.csv
[2015-05-08 19:35:01.419] [INFO] applog - 6d1eeb7d: Successfully logged file processed for employees.csv
[2015-05-08 19:35:01.478] [INFO] applog - 6d1eeb7d: Successfully logged file processed for employeesa.csv
[2015-05-08 19:35:49.001] [INFO] applog - Application started with id:f1eb56cf
[2015-05-08 19:35:49.217] [INFO] applog - f1eb56cf: Connected to database successfully
[2015-05-08 19:35:49.219] [INFO] applog - f1eb56cf: Collected inputs successfully
[2015-05-08 19:35:49.220] [INFO] applog - f1eb56cf: Directories created successfully
[2015-05-08 19:35:49.239] [INFO] applog - f1eb56cf: Filenames and directories collected successfully
[2015-05-08 19:35:49.260] [INFO] applog - f1eb56cf: Input type verified from file path successfully for schedule
[2015-05-08 19:35:49.261] [INFO] applog - f1eb56cf: Input type verified from file path successfully for phonemap
[2015-05-08 19:35:49.261] [INFO] applog - f1eb56cf: Input type verified from file path successfully for employee
[2015-05-08 19:35:49.262] [INFO] applog - f1eb56cf: Input type verified from file path successfully for employee
[2015-05-08 19:35:49.283] [INFO] applog - f1eb56cf: Data successfully saved to database for file salests.csv in Schema schedule
[2015-05-08 19:35:50.996] [INFO] applog - f1eb56cf: Successfully logged file processed for salests.csv
[2015-05-08 19:35:51.639] [INFO] applog - f1eb56cf: Data successfully saved to database for file phonemap.csv in Schema phonemap
[2015-05-08 19:35:52.490] [INFO] applog - f1eb56cf: Data successfully saved to database for file employees.csv in Schema employee
[2015-05-08 19:35:52.638] [INFO] applog - f1eb56cf: Data successfully saved to database for file employeesa.csv in Schema employee
[2015-05-08 19:36:02.653] [INFO] applog - f1eb56cf: Successfully logged file processed for phonemap.csv
[2015-05-08 19:36:02.657] [INFO] applog - f1eb56cf: Successfully logged file processed for employeesa.csv
[2015-05-08 19:36:05.748] [INFO] applog - f1eb56cf: Successfully logged file processed for employees.csv
[2015-05-08 19:37:10.026] [INFO] applog - Application started with id:2fe91e63
[2015-05-08 19:37:10.232] [INFO] applog - 2fe91e63: Connected to database successfully
[2015-05-08 19:37:10.235] [INFO] applog - 2fe91e63: Collected inputs successfully
[2015-05-08 19:37:10.236] [INFO] applog - 2fe91e63: Directories created successfully
[2015-05-08 19:37:10.257] [INFO] applog - 2fe91e63: Filenames and directories collected successfully
[2015-05-08 19:37:10.283] [INFO] applog - 2fe91e63: Input type verified from file path successfully for schedule
[2015-05-08 19:37:10.284] [INFO] applog - 2fe91e63: Input type verified from file path successfully for phonemap
[2015-05-08 19:37:10.284] [INFO] applog - 2fe91e63: Input type verified from file path successfully for employee
[2015-05-08 19:37:10.295] [INFO] applog - 2fe91e63: Data successfully saved to database for file salests.csv in Schema schedule
[2015-05-08 19:37:11.706] [INFO] applog - 2fe91e63: Successfully logged file processed for salests.csv
[2015-05-08 19:37:12.693] [INFO] applog - 2fe91e63: Data successfully saved to database for file phonemap.csv in Schema phonemap
[2015-05-08 19:37:13.054] [INFO] applog - 2fe91e63: Data successfully saved to database for file employees.csv in Schema employee
[2015-05-08 19:37:18.142] [INFO] applog - 2fe91e63: Successfully logged file processed for phonemap.csv
[2015-05-08 19:37:18.146] [INFO] applog - 2fe91e63: Successfully logged file processed for employees.csv
[2015-05-08 19:39:15.052] [INFO] applog - Application started with id:d898c384
[2015-05-08 19:39:15.261] [INFO] applog - d898c384: Connected to database successfully
[2015-05-08 19:39:15.264] [INFO] applog - d898c384: Collected inputs successfully
[2015-05-08 19:39:15.265] [INFO] applog - d898c384: Directories created successfully
[2015-05-08 19:39:15.276] [INFO] applog - d898c384: Filenames and directories collected successfully
[2015-05-08 19:39:15.297] [INFO] applog - d898c384: Input type verified from file path successfully for employee
[2015-05-08 19:41:16.654] [INFO] applog - d898c384: Data successfully saved to database for file employees.csv in Schema employee
[2015-05-08 19:41:20.878] [INFO] applog - d898c384: Successfully logged file processed for employees.csv
[2015-05-08 19:42:28.450] [INFO] applog - Application started with id:7c12ff9c
[2015-05-08 19:42:28.676] [INFO] applog - 7c12ff9c: Connected to database successfully
[2015-05-08 19:42:28.678] [INFO] applog - 7c12ff9c: Collected inputs successfully
[2015-05-08 19:42:28.679] [INFO] applog - 7c12ff9c: Directories created successfully
[2015-05-08 19:42:28.703] [INFO] applog - 7c12ff9c: Filenames and directories collected successfully
[2015-05-08 19:42:28.724] [INFO] applog - 7c12ff9c: Input type verified from file path successfully for schedule
[2015-05-08 19:42:28.725] [INFO] applog - 7c12ff9c: Input type verified from file path successfully for phonemap
[2015-05-08 19:42:28.725] [INFO] applog - 7c12ff9c: Input type verified from file path successfully for employee
[2015-05-08 19:42:28.725] [INFO] applog - 7c12ff9c: Input type verified from file path successfully for absent
[2015-05-08 19:42:32.495] [INFO] applog - 7c12ff9c: Data successfully saved to database for file phonemap.csv in Schema schedule
[2015-05-08 19:42:32.833] [INFO] applog - 7c12ff9c: Data successfully saved to database for file phonemap.csv in Schema phonemap
[2015-05-08 19:42:32.854] [INFO] applog - 7c12ff9c: Data successfully saved to database for file phonemap.csv in Schema employee
[2015-05-08 19:42:32.873] [INFO] applog - 7c12ff9c: Data successfully saved to database for file phonemap.csv in Schema absent
[2015-05-08 19:42:37.625] [INFO] applog - 7c12ff9c: Successfully logged file processed for phonemap.csv
[2015-05-08 19:42:37.648] [INFO] applog - 7c12ff9c: Successfully logged file processed for phonemap.csv
[2015-05-08 19:42:37.659] [INFO] applog - 7c12ff9c: Successfully logged file processed for phonemap.csv
[2015-05-08 19:42:37.660] [INFO] applog - 7c12ff9c: Successfully logged file processed for phonemap.csv
[2015-05-08 19:43:06.224] [INFO] applog - Application started with id:c2fad9ea
[2015-05-08 19:43:06.440] [INFO] applog - c2fad9ea: Connected to database successfully
[2015-05-08 19:43:06.444] [INFO] applog - c2fad9ea: Collected inputs successfully
[2015-05-08 19:43:06.445] [INFO] applog - c2fad9ea: Directories created successfully
[2015-05-08 19:43:06.469] [INFO] applog - c2fad9ea: Filenames and directories collected successfully
[2015-05-08 19:43:06.490] [INFO] applog - c2fad9ea: Input type verified from file path successfully for schedule
[2015-05-08 19:43:06.491] [INFO] applog - c2fad9ea: Input type verified from file path successfully for phonemap
[2015-05-08 19:43:06.492] [INFO] applog - c2fad9ea: Input type verified from file path successfully for employee
[2015-05-08 19:43:06.492] [INFO] applog - c2fad9ea: Input type verified from file path successfully for absent
[2015-05-08 19:43:10.421] [INFO] applog - c2fad9ea: Data successfully saved to database for file phonemap.csv in Schema schedule
[2015-05-08 19:43:10.813] [INFO] applog - c2fad9ea: Data successfully saved to database for file phonemap.csv in Schema phonemap
[2015-05-08 19:43:10.846] [INFO] applog - c2fad9ea: Data successfully saved to database for file phonemap.csv in Schema employee
[2015-05-08 19:43:10.868] [INFO] applog - c2fad9ea: Data successfully saved to database for file phonemap.csv in Schema absent
[2015-05-08 19:43:15.392] [INFO] applog - c2fad9ea: Successfully logged file processed for phonemap.csv
[2015-05-08 19:43:15.396] [INFO] applog - c2fad9ea: Successfully logged file processed for phonemap.csv
[2015-05-08 19:43:15.400] [INFO] applog - c2fad9ea: Successfully logged file processed for phonemap.csv
[2015-05-08 19:43:15.409] [INFO] applog - c2fad9ea: Successfully logged file processed for phonemap.csv
[2015-05-08 20:25:26.785] [INFO] applog - Application started with id:1ee8e757
[2015-05-08 20:25:27.006] [INFO] applog - 1ee8e757: Connected to database successfully
[2015-05-08 20:25:27.010] [INFO] applog - 1ee8e757: Collected inputs successfully
[2015-05-08 20:25:27.012] [INFO] applog - 1ee8e757: Directories created successfully
[2015-05-08 20:25:27.036] [INFO] applog - 1ee8e757: Filenames and directories collected successfully
[2015-05-08 20:25:27.057] [INFO] applog - 1ee8e757: Input type verified from file path successfully for schedule
[2015-05-08 20:25:27.057] [INFO] applog - 1ee8e757: Input type verified from file path successfully for phonemap
[2015-05-08 20:25:27.058] [INFO] applog - 1ee8e757: Input type verified from file path successfully for employee
[2015-05-08 20:25:27.058] [INFO] applog - 1ee8e757: Input type verified from file path successfully for absent
[2015-05-08 20:25:31.082] [INFO] applog - 1ee8e757: Data successfully saved to database for file phonemap.csv in Schema schedule
[2015-05-08 20:25:31.304] [INFO] applog - 1ee8e757: Data successfully saved to database for file phonemap.csv in Schema phonemap
[2015-05-08 20:25:31.404] [INFO] applog - 1ee8e757: Data successfully saved to database for file phonemap.csv in Schema employee
[2015-05-08 20:25:31.433] [INFO] applog - 1ee8e757: Data successfully saved to database for file phonemap.csv in Schema absent
[2015-05-08 20:25:35.984] [INFO] applog - 1ee8e757: Successfully logged file processed for phonemap.csv
[2015-05-08 20:25:36.063] [INFO] applog - 1ee8e757: Successfully logged file processed for phonemap.csv
[2015-05-08 20:25:36.066] [INFO] applog - 1ee8e757: Successfully logged file processed for phonemap.csv
[2015-05-08 20:25:36.067] [INFO] applog - 1ee8e757: Successfully logged file processed for phonemap.csv
[2015-05-08 20:29:45.445] [INFO] applog - Application started with id:8a205265
[2015-05-08 20:29:45.719] [INFO] applog - 8a205265: Connected to database successfully
[2015-05-08 20:29:45.722] [INFO] applog - 8a205265: Collected inputs successfully
[2015-05-08 20:29:45.723] [INFO] applog - 8a205265: Directories created successfully
[2015-05-08 20:29:45.739] [INFO] applog - 8a205265: Filenames and directories collected successfully
[2015-05-08 20:29:45.760] [INFO] applog - 8a205265: Input type verified from file path successfully for schedule
[2015-05-08 20:29:45.761] [INFO] applog - 8a205265: Input type verified from file path successfully for phonemap
[2015-05-08 20:29:45.775] [INFO] applog - 8a205265: Data successfully saved to database for file salests.csv in Schema schedule
[2015-05-08 20:29:45.782] [INFO] applog - 8a205265: Data successfully saved to database for file salests.csv in Schema phonemap
[2015-05-08 20:29:45.926] [INFO] applog - 8a205265: Successfully logged file processed for salests.csv
[2015-05-08 20:29:45.926] [INFO] applog - 8a205265: Successfully logged file processed for salests.csv
[2015-05-08 20:29:45.933] [INFO] applog - 8a205265: All files written to database successfully
[2015-05-08 20:30:21.060] [INFO] applog - Application started with id:35f265e6
[2015-05-08 20:30:21.295] [INFO] applog - 35f265e6: Connected to database successfully
[2015-05-08 20:30:21.298] [INFO] applog - 35f265e6: Collected inputs successfully
[2015-05-08 20:30:21.299] [INFO] applog - 35f265e6: Directories created successfully
[2015-05-08 20:30:21.314] [INFO] applog - 35f265e6: Filenames and directories collected successfully
[2015-05-08 20:30:21.336] [INFO] applog - 35f265e6: Input type verified from file path successfully for schedule
[2015-05-08 20:30:21.337] [INFO] applog - 35f265e6: Input type verified from file path successfully for phonemap
[2015-05-08 20:30:21.346] [INFO] applog - 35f265e6: Data successfully saved to database for file salests.csv in Schema schedule
[2015-05-08 20:30:21.350] [INFO] applog - 35f265e6: Data successfully saved to database for file salests.csv in Schema phonemap
[2015-05-08 20:30:21.395] [INFO] applog - 35f265e6: Successfully logged file processed for salests.csv
[2015-05-08 20:30:21.399] [INFO] applog - 35f265e6: Successfully logged file processed for salests.csv
[2015-05-08 20:30:21.403] [INFO] applog - 35f265e6: All files written to database successfully
[2015-05-08 20:31:50.872] [INFO] applog - Application started with id:bd9081b3
[2015-05-08 20:31:51.103] [INFO] applog - bd9081b3: Connected to database successfully
[2015-05-08 20:31:51.106] [INFO] applog - bd9081b3: Collected inputs successfully
[2015-05-08 20:31:51.107] [INFO] applog - bd9081b3: Directories created successfully
[2015-05-08 20:31:51.122] [INFO] applog - bd9081b3: Filenames and directories collected successfully
[2015-05-08 20:31:51.144] [INFO] applog - bd9081b3: Input type verified from file path successfully for schedule
[2015-05-08 20:31:51.144] [INFO] applog - bd9081b3: Input type verified from file path successfully for phonemap
[2015-05-08 20:31:51.154] [INFO] applog - bd9081b3: Data successfully saved to database for file salests.csv in Schema schedule
[2015-05-08 20:31:51.157] [INFO] applog - bd9081b3: Data successfully saved to database for file salests.csv in Schema phonemap
[2015-05-08 20:31:51.202] [INFO] applog - bd9081b3: Successfully logged file processed for salests.csv
[2015-05-08 20:31:51.209] [INFO] applog - bd9081b3: Successfully logged file processed for salests.csv
[2015-05-08 20:31:51.212] [INFO] applog - bd9081b3: All files written to database successfully
