0 info it worked if it ends with ok
1 verbose cli [ '/home/ubuntu/.nvm/v0.10.35/bin/node',
1 verbose cli   '/home/ubuntu/.nvm/v0.10.35/bin/npm',
1 verbose cli   'install',
1 verbose cli   'mongooe',
1 verbose cli   '--save' ]
2 info using npm@1.4.28
3 info using node@v0.10.35
4 warn package.json chat-example@0.0.0 No repository field.
5 warn package.json fs@0.0.2 fs is also the name of a node core module.
6 warn package.json fs@0.0.2 No description
7 warn package.json fs@0.0.2 No repository field.
8 warn package.json fs@0.0.2 No README data
9 verbose readDependencies using package.json deps
10 verbose cache add [ 'mongooe', null ]
11 verbose cache add name=undefined spec="mongooe" args=["mongooe",null]
12 verbose parsed url { protocol: null,
12 verbose parsed url   slashes: null,
12 verbose parsed url   auth: null,
12 verbose parsed url   host: null,
12 verbose parsed url   port: null,
12 verbose parsed url   hostname: null,
12 verbose parsed url   hash: null,
12 verbose parsed url   search: null,
12 verbose parsed url   query: null,
12 verbose parsed url   pathname: 'mongooe',
12 verbose parsed url   path: 'mongooe',
12 verbose parsed url   href: 'mongooe' }
13 silly lockFile 34f732d5-mongooe mongooe
14 verbose lock mongooe /home/ubuntu/.npm/34f732d5-mongooe.lock
15 silly lockFile 34f732d5-mongooe mongooe
16 silly lockFile 34f732d5-mongooe mongooe
17 verbose addNamed [ 'mongooe', '' ]
18 verbose addNamed [ null, '*' ]
19 silly lockFile 8c5aa206-mongooe mongooe@
20 verbose lock mongooe@ /home/ubuntu/.npm/8c5aa206-mongooe.lock
21 silly addNameRange { name: 'mongooe', range: '*', hasData: false }
22 verbose request where is /mongooe
23 verbose request registry https://registry.npmjs.org/
24 verbose request id b6412d299c754c38
25 verbose url raw /mongooe
26 verbose url resolving [ 'https://registry.npmjs.org/', './mongooe' ]
27 verbose url resolved https://registry.npmjs.org/mongooe
28 verbose request where is https://registry.npmjs.org/mongooe
29 info trying registry request attempt 1 at 15:50:52
30 http GET https://registry.npmjs.org/mongooe
31 http 404 https://registry.npmjs.org/mongooe
32 verbose headers { server: 'CouchDB/1.5.0 (Erlang OTP/R16B03)',
32 verbose headers   'content-type': 'application/json',
32 verbose headers   'cache-control': 'max-age=0',
32 verbose headers   'content-length': '51',
32 verbose headers   'accept-ranges': 'bytes',
32 verbose headers   date: 'Tue, 05 May 2015 15:50:52 GMT',
32 verbose headers   via: '1.1 varnish',
32 verbose headers   age: '0',
32 verbose headers   connection: 'keep-alive',
32 verbose headers   'x-served-by': 'cache-lhr6320-LHR',
32 verbose headers   'x-cache': 'MISS',
32 verbose headers   'x-cache-hits': '0',
32 verbose headers   'x-timer': 'S1430841052.516110,VS0,VE364' }
33 silly registry.get cb [ 404,
33 silly registry.get   { server: 'CouchDB/1.5.0 (Erlang OTP/R16B03)',
33 silly registry.get     'content-type': 'application/json',
33 silly registry.get     'cache-control': 'max-age=0',
33 silly registry.get     'content-length': '51',
33 silly registry.get     'accept-ranges': 'bytes',
33 silly registry.get     date: 'Tue, 05 May 2015 15:50:52 GMT',
33 silly registry.get     via: '1.1 varnish',
33 silly registry.get     age: '0',
33 silly registry.get     connection: 'keep-alive',
33 silly registry.get     'x-served-by': 'cache-lhr6320-LHR',
33 silly registry.get     'x-cache': 'MISS',
33 silly registry.get     'x-cache-hits': '0',
33 silly registry.get     'x-timer': 'S1430841052.516110,VS0,VE364' } ]
34 silly lockFile 8c5aa206-mongooe mongooe@
35 silly lockFile 8c5aa206-mongooe mongooe@
36 error 404 404 Not Found: mongooe
36 error 404
36 error 404 'mongooe' is not in the npm registry.
36 error 404 You should bug the author to publish it
36 error 404 It was specified as a dependency of 'chat-example'
36 error 404
36 error 404 Note that you can also install from a
36 error 404 tarball, folder, or http url, or git url.
37 error System Linux 3.14.13-c9
38 error command "/home/ubuntu/.nvm/v0.10.35/bin/node" "/home/ubuntu/.nvm/v0.10.35/bin/npm" "install" "mongooe" "--save"
39 error cwd /home/ubuntu/workspace
40 error node -v v0.10.35
41 error npm -v 1.4.28
42 error code E404
43 verbose exit [ 1, true ]
